app/build/intermediates/manifest_merge_blame_file/release/processReleaseMainManifest/manifest-merger-blame-release-report.txt
1<?xml version="1.0" encoding="utf-8"?>
2<manifest xmlns:android="http://schemas.android.com/apk/res/android"
3    package="com.simats.orthoguide"
4    android:versionCode="1"
5    android:versionName="1.0.0" >
6
7    <uses-sdk
8        android:minSdkVersion="24"
9        android:targetSdkVersion="36" />
10
11    <uses-permission android:name="android.permission.INTERNET" />
11-->src\main\AndroidManifest.xml:5:5-67
11-->src\main\AndroidManifest.xml:5:22-64
12    <uses-permission android:name="android.permission.ACCESS_NETWORK_STATE" />
12-->src\main\AndroidManifest.xml:6:5-79
12-->src\main\AndroidManifest.xml:6:22-76
13
14    <permission
14-->[androidx.core:core:1.17.0] AndroidManifest.xml:22:5-24:47
15        android:name="com.simats.orthoguide.DYNAMIC_RECEIVER_NOT_EXPORTED_PERMISSION"
15-->[androidx.core:core:1.17.0] AndroidManifest.xml:23:9-81
16        android:protectionLevel="signature" />
16-->[androidx.core:core:1.17.0] AndroidManifest.xml:24:9-44
17
18    <uses-permission android:name="com.simats.orthoguide.DYNAMIC_RECEIVER_NOT_EXPORTED_PERMISSION" />
18-->[androidx.core:core:1.17.0] AndroidManifest.xml:26:5-97
18-->[androidx.core:core:1.17.0] AndroidManifest.xml:26:22-94
19
20    <application
20-->src\main\AndroidManifest.xml:8:5-301:19
21        android:allowBackup="true"
21-->src\main\AndroidManifest.xml:9:9-35
22        android:appComponentFactory="androidx.core.app.CoreComponentFactory"
22-->[androidx.core:core:1.17.0] AndroidManifest.xml:28:18-86
23        android:dataExtractionRules="@xml/data_extraction_rules"
23-->src\main\AndroidManifest.xml:10:9-65
24        android:extractNativeLibs="false"
25        android:fullBackupContent="@xml/backup_rules"
25-->src\main\AndroidManifest.xml:11:9-54
26        android:icon="@mipmap/ic_launcher"
26-->src\main\AndroidManifest.xml:12:9-43
27        android:label="@string/app_name"
27-->src\main\AndroidManifest.xml:13:9-41
28        android:roundIcon="@mipmap/ic_launcher_round"
28-->src\main\AndroidManifest.xml:14:9-54
29        android:supportsRtl="true"
29-->src\main\AndroidManifest.xml:15:9-35
30        android:theme="@style/Theme.OrthoGuide"
30-->src\main\AndroidManifest.xml:16:9-48
31        android:usesCleartextTraffic="true" >
31-->src\main\AndroidManifest.xml:17:9-44
32        <activity
32-->src\main\AndroidManifest.xml:18:9-26:20
33            android:name="com.simats.orthoguide.SplashActivity"
33-->src\main\AndroidManifest.xml:19:13-43
34            android:exported="true"
34-->src\main\AndroidManifest.xml:20:13-36
35            android:theme="@style/Theme.OrthoGuide" >
35-->src\main\AndroidManifest.xml:21:13-52
36            <intent-filter>
36-->src\main\AndroidManifest.xml:22:13-25:29
37                <action android:name="android.intent.action.MAIN" />
37-->src\main\AndroidManifest.xml:23:17-69
37-->src\main\AndroidManifest.xml:23:25-66
38
39                <category android:name="android.intent.category.LAUNCHER" />
39-->src\main\AndroidManifest.xml:24:17-77
39-->src\main\AndroidManifest.xml:24:27-74
40            </intent-filter>
41        </activity>
42        <activity
42-->src\main\AndroidManifest.xml:28:9-30:40
43            android:name="com.simats.orthoguide.MainActivity"
43-->src\main\AndroidManifest.xml:29:13-41
44            android:exported="false" />
44-->src\main\AndroidManifest.xml:30:13-37
45        <activity
45-->src\main\AndroidManifest.xml:32:9-36:58
46            android:name="com.simats.orthoguide.UnifiedLoginActivity"
46-->src\main\AndroidManifest.xml:33:13-49
47            android:exported="false"
47-->src\main\AndroidManifest.xml:34:13-37
48            android:screenOrientation="portrait"
48-->src\main\AndroidManifest.xml:35:13-49
49            android:windowSoftInputMode="adjustResize" />
49-->src\main\AndroidManifest.xml:36:13-55
50        <activity
50-->src\main\AndroidManifest.xml:38:9-42:58
51            android:name="com.simats.orthoguide.PatientLoginActivity"
51-->src\main\AndroidManifest.xml:39:13-49
52            android:exported="false"
52-->src\main\AndroidManifest.xml:40:13-37
53            android:screenOrientation="portrait"
53-->src\main\AndroidManifest.xml:41:13-49
54            android:windowSoftInputMode="adjustResize" />
54-->src\main\AndroidManifest.xml:42:13-55
55        <activity
55-->src\main\AndroidManifest.xml:44:9-47:52
56            android:name="com.simats.orthoguide.ConsentActivity"
56-->src\main\AndroidManifest.xml:45:13-44
57            android:exported="false"
57-->src\main\AndroidManifest.xml:46:13-37
58            android:screenOrientation="portrait" />
58-->src\main\AndroidManifest.xml:47:13-49
59        <activity
59-->src\main\AndroidManifest.xml:49:9-52:52
60            android:name="com.simats.orthoguide.AiCapabilitiesActivity"
60-->src\main\AndroidManifest.xml:50:13-51
61            android:exported="false"
61-->src\main\AndroidManifest.xml:51:13-37
62            android:screenOrientation="portrait" />
62-->src\main\AndroidManifest.xml:52:13-49
63        <activity
63-->src\main\AndroidManifest.xml:54:9-57:52
64            android:name="com.simats.orthoguide.LoginSuccessActivity"
64-->src\main\AndroidManifest.xml:55:13-49
65            android:exported="false"
65-->src\main\AndroidManifest.xml:56:13-37
66            android:screenOrientation="portrait" />
66-->src\main\AndroidManifest.xml:57:13-49
67        <activity
67-->src\main\AndroidManifest.xml:59:9-63:65
68            android:name="com.simats.orthoguide.DashboardActivity"
68-->src\main\AndroidManifest.xml:60:13-46
69            android:exported="false"
69-->src\main\AndroidManifest.xml:61:13-37
70            android:screenOrientation="portrait"
70-->src\main\AndroidManifest.xml:62:13-49
71            android:theme="@style/Theme.OrthoGuide.Dashboard" />
71-->src\main\AndroidManifest.xml:63:13-62
72        <activity
72-->src\main\AndroidManifest.xml:65:9-68:52
73            android:name="com.simats.orthoguide.ProgressActivity"
73-->src\main\AndroidManifest.xml:66:13-45
74            android:exported="false"
74-->src\main\AndroidManifest.xml:67:13-37
75            android:screenOrientation="portrait" />
75-->src\main\AndroidManifest.xml:68:13-49
76        <activity
76-->src\main\AndroidManifest.xml:70:9-74:58
77            android:name="com.simats.orthoguide.ChatBotActivity"
77-->src\main\AndroidManifest.xml:71:13-44
78            android:exported="false"
78-->src\main\AndroidManifest.xml:72:13-37
79            android:screenOrientation="portrait"
79-->src\main\AndroidManifest.xml:73:13-49
80            android:windowSoftInputMode="adjustResize" />
80-->src\main\AndroidManifest.xml:74:13-55
81        <activity
81-->src\main\AndroidManifest.xml:77:9-81:58
82            android:name="com.simats.orthoguide.ForgotPasswordActivity"
82-->src\main\AndroidManifest.xml:78:13-51
83            android:exported="false"
83-->src\main\AndroidManifest.xml:79:13-37
84            android:screenOrientation="portrait"
84-->src\main\AndroidManifest.xml:80:13-49
85            android:windowSoftInputMode="adjustResize" />
85-->src\main\AndroidManifest.xml:81:13-55
86        <activity
86-->src\main\AndroidManifest.xml:83:9-87:58
87            android:name="com.simats.orthoguide.VerifyOtpActivity"
87-->src\main\AndroidManifest.xml:84:13-46
88            android:exported="false"
88-->src\main\AndroidManifest.xml:85:13-37
89            android:screenOrientation="portrait"
89-->src\main\AndroidManifest.xml:86:13-49
90            android:windowSoftInputMode="adjustResize" />
90-->src\main\AndroidManifest.xml:87:13-55
91        <activity
91-->src\main\AndroidManifest.xml:89:9-93:58
92            android:name="com.simats.orthoguide.CreateNewPasswordActivity"
92-->src\main\AndroidManifest.xml:90:13-54
93            android:exported="false"
93-->src\main\AndroidManifest.xml:91:13-37
94            android:screenOrientation="portrait"
94-->src\main\AndroidManifest.xml:92:13-49
95            android:windowSoftInputMode="adjustResize" />
95-->src\main\AndroidManifest.xml:93:13-55
96        <activity
96-->src\main\AndroidManifest.xml:95:9-98:52
97            android:name="com.simats.orthoguide.PasswordResetSuccessActivity"
97-->src\main\AndroidManifest.xml:96:13-57
98            android:exported="false"
98-->src\main\AndroidManifest.xml:97:13-37
99            android:screenOrientation="portrait" />
99-->src\main\AndroidManifest.xml:98:13-49
100        <activity
100-->src\main\AndroidManifest.xml:100:9-103:52
101            android:name="com.simats.orthoguide.ProfileActivity"
101-->src\main\AndroidManifest.xml:101:13-44
102            android:exported="false"
102-->src\main\AndroidManifest.xml:102:13-37
103            android:screenOrientation="portrait" />
103-->src\main\AndroidManifest.xml:103:13-49
104        <activity
104-->src\main\AndroidManifest.xml:105:9-108:52
105            android:name="com.simats.orthoguide.AppointmentsActivity"
105-->src\main\AndroidManifest.xml:106:13-49
106            android:exported="false"
106-->src\main\AndroidManifest.xml:107:13-37
107            android:screenOrientation="portrait" />
107-->src\main\AndroidManifest.xml:108:13-49
108        <activity
108-->src\main\AndroidManifest.xml:110:9-113:52
109            android:name="com.simats.orthoguide.CareRemindersActivity"
109-->src\main\AndroidManifest.xml:111:13-50
110            android:exported="false"
110-->src\main\AndroidManifest.xml:112:13-37
111            android:screenOrientation="portrait" />
111-->src\main\AndroidManifest.xml:113:13-49
112        <activity
112-->src\main\AndroidManifest.xml:115:9-118:52
113            android:name="com.simats.orthoguide.ReportIssueActivity"
113-->src\main\AndroidManifest.xml:116:13-48
114            android:exported="false"
114-->src\main\AndroidManifest.xml:117:13-37
115            android:screenOrientation="portrait" />
115-->src\main\AndroidManifest.xml:118:13-49
116        <activity
116-->src\main\AndroidManifest.xml:120:9-123:52
117            android:name="com.simats.orthoguide.SeverityLevelActivity"
117-->src\main\AndroidManifest.xml:121:13-50
118            android:exported="false"
118-->src\main\AndroidManifest.xml:122:13-37
119            android:screenOrientation="portrait" />
119-->src\main\AndroidManifest.xml:123:13-49
120        <activity
120-->src\main\AndroidManifest.xml:125:9-128:52
121            android:name="com.simats.orthoguide.UploadPhotoActivity"
121-->src\main\AndroidManifest.xml:126:13-48
122            android:exported="false"
122-->src\main\AndroidManifest.xml:127:13-37
123            android:screenOrientation="portrait" />
123-->src\main\AndroidManifest.xml:128:13-49
124        <activity
124-->src\main\AndroidManifest.xml:129:9-132:52
125            android:name="com.simats.orthoguide.ReportSentActivity"
125-->src\main\AndroidManifest.xml:130:13-47
126            android:exported="false"
126-->src\main\AndroidManifest.xml:131:13-37
127            android:screenOrientation="portrait" />
127-->src\main\AndroidManifest.xml:132:13-49
128        <activity
128-->src\main\AndroidManifest.xml:134:9-137:52
129            android:name="com.simats.orthoguide.NotificationsActivity"
129-->src\main\AndroidManifest.xml:135:13-50
130            android:exported="false"
130-->src\main\AndroidManifest.xml:136:13-37
131            android:screenOrientation="portrait" />
131-->src\main\AndroidManifest.xml:137:13-49
132        <activity
132-->src\main\AndroidManifest.xml:139:9-142:52
133            android:name="com.simats.orthoguide.EditProfileActivity"
133-->src\main\AndroidManifest.xml:140:13-48
134            android:exported="false"
134-->src\main\AndroidManifest.xml:141:13-37
135            android:screenOrientation="portrait" />
135-->src\main\AndroidManifest.xml:142:13-49
136        <activity
136-->src\main\AndroidManifest.xml:144:9-147:52
137            android:name="com.simats.orthoguide.NotificationPreferencesActivity"
137-->src\main\AndroidManifest.xml:145:13-60
138            android:exported="false"
138-->src\main\AndroidManifest.xml:146:13-37
139            android:screenOrientation="portrait" />
139-->src\main\AndroidManifest.xml:147:13-49
140        <activity
140-->src\main\AndroidManifest.xml:149:9-152:52
141            android:name="com.simats.orthoguide.CareGuideActivity"
141-->src\main\AndroidManifest.xml:150:13-46
142            android:exported="false"
142-->src\main\AndroidManifest.xml:151:13-37
143            android:screenOrientation="portrait" />
143-->src\main\AndroidManifest.xml:152:13-49
144        <activity
144-->src\main\AndroidManifest.xml:154:9-157:52
145            android:name="com.simats.orthoguide.CleaningAlignersActivity"
145-->src\main\AndroidManifest.xml:155:13-53
146            android:exported="false"
146-->src\main\AndroidManifest.xml:156:13-37
147            android:screenOrientation="portrait" />
147-->src\main\AndroidManifest.xml:157:13-49
148        <activity
148-->src\main\AndroidManifest.xml:159:9-162:52
149            android:name="com.simats.orthoguide.FoodDrinkGuideActivity"
149-->src\main\AndroidManifest.xml:160:13-51
150            android:exported="false"
150-->src\main\AndroidManifest.xml:161:13-37
151            android:screenOrientation="portrait" />
151-->src\main\AndroidManifest.xml:162:13-49
152        <activity
152-->src\main\AndroidManifest.xml:164:9-167:52
153            android:name="com.simats.orthoguide.WearTimeTipsActivity"
153-->src\main\AndroidManifest.xml:165:13-49
154            android:exported="false"
154-->src\main\AndroidManifest.xml:166:13-37
155            android:screenOrientation="portrait" />
155-->src\main\AndroidManifest.xml:167:13-49
156        <activity
156-->src\main\AndroidManifest.xml:169:9-172:52
157            android:name="com.simats.orthoguide.CommonIssuesActivity"
157-->src\main\AndroidManifest.xml:170:13-49
158            android:exported="false"
158-->src\main\AndroidManifest.xml:171:13-37
159            android:screenOrientation="portrait" />
159-->src\main\AndroidManifest.xml:172:13-49
160        <activity
160-->src\main\AndroidManifest.xml:174:9-177:52
161            android:name="com.simats.orthoguide.HelpSupportActivity"
161-->src\main\AndroidManifest.xml:175:13-48
162            android:exported="false"
162-->src\main\AndroidManifest.xml:176:13-37
163            android:screenOrientation="portrait" />
163-->src\main\AndroidManifest.xml:177:13-49
164        <activity
164-->src\main\AndroidManifest.xml:179:9-182:52
165            android:name="com.simats.orthoguide.ManageAccountActivity"
165-->src\main\AndroidManifest.xml:180:13-50
166            android:exported="false"
166-->src\main\AndroidManifest.xml:181:13-37
167            android:screenOrientation="portrait" />
167-->src\main\AndroidManifest.xml:182:13-49
168        <activity
168-->src\main\AndroidManifest.xml:184:9-188:58
169            android:name="com.simats.orthoguide.ChangePasswordActivity"
169-->src\main\AndroidManifest.xml:185:13-51
170            android:exported="false"
170-->src\main\AndroidManifest.xml:186:13-37
171            android:screenOrientation="portrait"
171-->src\main\AndroidManifest.xml:187:13-49
172            android:windowSoftInputMode="adjustResize" />
172-->src\main\AndroidManifest.xml:188:13-55
173        <activity
173-->src\main\AndroidManifest.xml:190:9-193:52
174            android:name="com.simats.orthoguide.AccountDeactivatedActivity"
174-->src\main\AndroidManifest.xml:191:13-55
175            android:exported="false"
175-->src\main\AndroidManifest.xml:192:13-37
176            android:screenOrientation="portrait" />
176-->src\main\AndroidManifest.xml:193:13-49
177        <activity
177-->src\main\AndroidManifest.xml:195:9-199:58
178            android:name="com.simats.orthoguide.ClinicianLoginActivity"
178-->src\main\AndroidManifest.xml:196:13-51
179            android:exported="false"
179-->src\main\AndroidManifest.xml:197:13-37
180            android:screenOrientation="portrait"
180-->src\main\AndroidManifest.xml:198:13-49
181            android:windowSoftInputMode="adjustResize" />
181-->src\main\AndroidManifest.xml:199:13-55
182        <activity
182-->src\main\AndroidManifest.xml:201:9-204:52
183            android:name="com.simats.orthoguide.ClinicianDashboardActivity"
183-->src\main\AndroidManifest.xml:202:13-55
184            android:exported="false"
184-->src\main\AndroidManifest.xml:203:13-37
185            android:screenOrientation="portrait" />
185-->src\main\AndroidManifest.xml:204:13-49
186        <activity
186-->src\main\AndroidManifest.xml:206:9-209:52
187            android:name="com.simats.orthoguide.PatientsActivity"
187-->src\main\AndroidManifest.xml:207:13-45
188            android:exported="false"
188-->src\main\AndroidManifest.xml:208:13-37
189            android:screenOrientation="portrait" />
189-->src\main\AndroidManifest.xml:209:13-49
190        <activity
190-->src\main\AndroidManifest.xml:211:9-214:52
191            android:name="com.simats.orthoguide.ScheduleActivity"
191-->src\main\AndroidManifest.xml:212:13-45
192            android:exported="false"
192-->src\main\AndroidManifest.xml:213:13-37
193            android:screenOrientation="portrait" />
193-->src\main\AndroidManifest.xml:214:13-49
194        <activity
194-->src\main\AndroidManifest.xml:216:9-220:58
195            android:name="com.simats.orthoguide.ClinicianEditProfileActivity"
195-->src\main\AndroidManifest.xml:217:13-57
196            android:exported="false"
196-->src\main\AndroidManifest.xml:218:13-37
197            android:screenOrientation="portrait"
197-->src\main\AndroidManifest.xml:219:13-49
198            android:windowSoftInputMode="adjustResize" />
198-->src\main\AndroidManifest.xml:220:13-55
199        <activity
199-->src\main\AndroidManifest.xml:222:9-225:52
200            android:name="com.simats.orthoguide.ClinicianProfileActivity"
200-->src\main\AndroidManifest.xml:223:13-53
201            android:exported="false"
201-->src\main\AndroidManifest.xml:224:13-37
202            android:screenOrientation="portrait" />
202-->src\main\AndroidManifest.xml:225:13-49
203        <activity
203-->src\main\AndroidManifest.xml:227:9-229:39
204            android:name="com.simats.orthoguide.PatientProfileActivity"
204-->src\main\AndroidManifest.xml:228:13-51
205            android:exported="true" />
205-->src\main\AndroidManifest.xml:229:13-36
206        <activity
206-->src\main\AndroidManifest.xml:231:9-235:58
207            android:name="com.simats.orthoguide.CreatePatientActivity"
207-->src\main\AndroidManifest.xml:232:13-50
208            android:exported="false"
208-->src\main\AndroidManifest.xml:233:13-37
209            android:screenOrientation="portrait"
209-->src\main\AndroidManifest.xml:234:13-49
210            android:windowSoftInputMode="adjustResize" />
210-->src\main\AndroidManifest.xml:235:13-55
211        <activity
211-->src\main\AndroidManifest.xml:237:9-240:52
212            android:name="com.simats.orthoguide.AdminDashboardActivity"
212-->src\main\AndroidManifest.xml:238:13-51
213            android:exported="false"
213-->src\main\AndroidManifest.xml:239:13-37
214            android:screenOrientation="portrait" />
214-->src\main\AndroidManifest.xml:240:13-49
215        <activity
215-->src\main\AndroidManifest.xml:242:9-245:52
216            android:name="com.simats.orthoguide.ManageCliniciansActivity"
216-->src\main\AndroidManifest.xml:243:13-53
217            android:exported="false"
217-->src\main\AndroidManifest.xml:244:13-37
218            android:screenOrientation="portrait" />
218-->src\main\AndroidManifest.xml:245:13-49
219        <activity
219-->src\main\AndroidManifest.xml:247:9-250:52
220            android:name="com.simats.orthoguide.ManagePatientsActivity"
220-->src\main\AndroidManifest.xml:248:13-51
221            android:exported="false"
221-->src\main\AndroidManifest.xml:249:13-37
222            android:screenOrientation="portrait" />
222-->src\main\AndroidManifest.xml:250:13-49
223        <activity
223-->src\main\AndroidManifest.xml:252:9-255:52
224            android:name="com.simats.orthoguide.AdminSettingsActivity"
224-->src\main\AndroidManifest.xml:253:13-50
225            android:exported="false"
225-->src\main\AndroidManifest.xml:254:13-37
226            android:screenOrientation="portrait" />
226-->src\main\AndroidManifest.xml:255:13-49
227        <activity
227-->src\main\AndroidManifest.xml:257:9-261:58
228            android:name="com.simats.orthoguide.AdminEditProfileActivity"
228-->src\main\AndroidManifest.xml:258:13-53
229            android:exported="false"
229-->src\main\AndroidManifest.xml:259:13-37
230            android:screenOrientation="portrait"
230-->src\main\AndroidManifest.xml:260:13-49
231            android:windowSoftInputMode="adjustResize" />
231-->src\main\AndroidManifest.xml:261:13-55
232        <activity
232-->src\main\AndroidManifest.xml:263:9-267:58
233            android:name="com.simats.orthoguide.AdminResetPasswordActivity"
233-->src\main\AndroidManifest.xml:264:13-55
234            android:exported="false"
234-->src\main\AndroidManifest.xml:265:13-37
235            android:screenOrientation="portrait"
235-->src\main\AndroidManifest.xml:266:13-49
236            android:windowSoftInputMode="adjustResize" />
236-->src\main\AndroidManifest.xml:267:13-55
237        <activity
237-->src\main\AndroidManifest.xml:269:9-273:58
238            android:name="com.simats.orthoguide.AdminResetPatientPasswordActivity"
238-->src\main\AndroidManifest.xml:270:13-62
239            android:exported="false"
239-->src\main\AndroidManifest.xml:271:13-37
240            android:screenOrientation="portrait"
240-->src\main\AndroidManifest.xml:272:13-49
241            android:windowSoftInputMode="adjustResize" />
241-->src\main\AndroidManifest.xml:273:13-55
242        <activity
242-->src\main\AndroidManifest.xml:275:9-279:58
243            android:name="com.simats.orthoguide.CreateClinicianActivity"
243-->src\main\AndroidManifest.xml:276:13-52
244            android:exported="false"
244-->src\main\AndroidManifest.xml:277:13-37
245            android:screenOrientation="portrait"
245-->src\main\AndroidManifest.xml:278:13-49
246            android:windowSoftInputMode="adjustResize" />
246-->src\main\AndroidManifest.xml:279:13-55
247        <activity
247-->src\main\AndroidManifest.xml:281:9-285:58
248            android:name="com.simats.orthoguide.ReactivationRequestActivity"
248-->src\main\AndroidManifest.xml:282:13-56
249            android:exported="false"
249-->src\main\AndroidManifest.xml:283:13-37
250            android:screenOrientation="portrait"
250-->src\main\AndroidManifest.xml:284:13-49
251            android:windowSoftInputMode="adjustResize" />
251-->src\main\AndroidManifest.xml:285:13-55
252        <activity
252-->src\main\AndroidManifest.xml:287:9-290:52
253            android:name="com.simats.orthoguide.AdminNotificationsActivity"
253-->src\main\AndroidManifest.xml:288:13-55
254            android:exported="false"
254-->src\main\AndroidManifest.xml:289:13-37
255            android:screenOrientation="portrait" />
255-->src\main\AndroidManifest.xml:290:13-49
256
257        <provider
258            android:name="androidx.core.content.FileProvider"
258-->src\main\AndroidManifest.xml:293:13-62
259            android:authorities="com.simats.orthoguide.fileprovider"
259-->src\main\AndroidManifest.xml:294:13-64
260            android:exported="false"
260-->src\main\AndroidManifest.xml:295:13-37
261            android:grantUriPermissions="true" >
261-->src\main\AndroidManifest.xml:296:13-47
262            <meta-data
262-->src\main\AndroidManifest.xml:297:13-299:54
263                android:name="android.support.FILE_PROVIDER_PATHS"
263-->src\main\AndroidManifest.xml:298:17-67
264                android:resource="@xml/file_paths" />
264-->src\main\AndroidManifest.xml:299:17-51
265        </provider>
266        <provider
266-->[androidx.emoji2:emoji2:1.3.0] AndroidManifest.xml:24:9-32:20
267            android:name="androidx.startup.InitializationProvider"
267-->[androidx.emoji2:emoji2:1.3.0] AndroidManifest.xml:25:13-67
268            android:authorities="com.simats.orthoguide.androidx-startup"
268-->[androidx.emoji2:emoji2:1.3.0] AndroidManifest.xml:26:13-68
269            android:exported="false" >
269-->[androidx.emoji2:emoji2:1.3.0] AndroidManifest.xml:27:13-37
270            <meta-data
270-->[androidx.emoji2:emoji2:1.3.0] AndroidManifest.xml:29:13-31:52
271                android:name="androidx.emoji2.text.EmojiCompatInitializer"
271-->[androidx.emoji2:emoji2:1.3.0] AndroidManifest.xml:30:17-75
272                android:value="androidx.startup" />
272-->[androidx.emoji2:emoji2:1.3.0] AndroidManifest.xml:31:17-49
273            <meta-data
273-->[androidx.lifecycle:lifecycle-process:2.6.2] AndroidManifest.xml:29:13-31:52
274                android:name="androidx.lifecycle.ProcessLifecycleInitializer"
274-->[androidx.lifecycle:lifecycle-process:2.6.2] AndroidManifest.xml:30:17-78
275                android:value="androidx.startup" />
275-->[androidx.lifecycle:lifecycle-process:2.6.2] AndroidManifest.xml:31:17-49
276            <meta-data
276-->[androidx.profileinstaller:profileinstaller:1.4.0] AndroidManifest.xml:29:13-31:52
277                android:name="androidx.profileinstaller.ProfileInstallerInitializer"
277-->[androidx.profileinstaller:profileinstaller:1.4.0] AndroidManifest.xml:30:17-85
278                android:value="androidx.startup" />
278-->[androidx.profileinstaller:profileinstaller:1.4.0] AndroidManifest.xml:31:17-49
279        </provider>
280
281        <receiver
281-->[androidx.profileinstaller:profileinstaller:1.4.0] AndroidManifest.xml:34:9-52:20
282            android:name="androidx.profileinstaller.ProfileInstallReceiver"
282-->[androidx.profileinstaller:profileinstaller:1.4.0] AndroidManifest.xml:35:13-76
283            android:directBootAware="false"
283-->[androidx.profileinstaller:profileinstaller:1.4.0] AndroidManifest.xml:36:13-44
284            android:enabled="true"
284-->[androidx.profileinstaller:profileinstaller:1.4.0] AndroidManifest.xml:37:13-35
285            android:exported="true"
285-->[androidx.profileinstaller:profileinstaller:1.4.0] AndroidManifest.xml:38:13-36
286            android:permission="android.permission.DUMP" >
286-->[androidx.profileinstaller:profileinstaller:1.4.0] AndroidManifest.xml:39:13-57
287            <intent-filter>
287-->[androidx.profileinstaller:profileinstaller:1.4.0] AndroidManifest.xml:40:13-42:29
288                <action android:name="androidx.profileinstaller.action.INSTALL_PROFILE" />
288-->[androidx.profileinstaller:profileinstaller:1.4.0] AndroidManifest.xml:41:17-91
288-->[androidx.profileinstaller:profileinstaller:1.4.0] AndroidManifest.xml:41:25-88
289            </intent-filter>
290            <intent-filter>
290-->[androidx.profileinstaller:profileinstaller:1.4.0] AndroidManifest.xml:43:13-45:29
291                <action android:name="androidx.profileinstaller.action.SKIP_FILE" />
291-->[androidx.profileinstaller:profileinstaller:1.4.0] AndroidManifest.xml:44:17-85
291-->[androidx.profileinstaller:profileinstaller:1.4.0] AndroidManifest.xml:44:25-82
292            </intent-filter>
293            <intent-filter>
293-->[androidx.profileinstaller:profileinstaller:1.4.0] AndroidManifest.xml:46:13-48:29
294                <action android:name="androidx.profileinstaller.action.SAVE_PROFILE" />
294-->[androidx.profileinstaller:profileinstaller:1.4.0] AndroidManifest.xml:47:17-88
294-->[androidx.profileinstaller:profileinstaller:1.4.0] AndroidManifest.xml:47:25-85
295            </intent-filter>
296            <intent-filter>
296-->[androidx.profileinstaller:profileinstaller:1.4.0] AndroidManifest.xml:49:13-51:29
297                <action android:name="androidx.profileinstaller.action.BENCHMARK_OPERATION" />
297-->[androidx.profileinstaller:profileinstaller:1.4.0] AndroidManifest.xml:50:17-95
297-->[androidx.profileinstaller:profileinstaller:1.4.0] AndroidManifest.xml:50:25-92
298            </intent-filter>
299        </receiver>
300    </application>
301
302</manifest>